<?xml version="1.0" encoding="UTF-8"?>
<!-- Generated by org.testng.reporters.JUnitXMLReporter -->
<testsuite ignored="0" hostname="chitralekha" failures="1" tests="2" name="Rediff" time="24.412" errors="0" timestamp="2020-09-03T12:18:21 IST">
  <testcase classname="automation.hybridFrameWork.Rediff" name="RediffHome" time="3.003"/>
  <testcase classname="automation.hybridFrameWork.Rediff" name="RediffLogin" time="4.248">
    <failure type="java.lang.AssertionError" message="expected [Welcome to Rediffmail: ] but found [Welcome to Rediffmail:]">
      <![CDATA[java.lang.AssertionError: expected [Welcome to Rediffmail: ] but found [Welcome to Rediffmail:]
at automation.hybridFrameWork.Rediff.RediffLogin(Rediff.java:45)
at java.base/java.util.ArrayList.forEach(ArrayList.java:1511)
... Removed 33 stack frames]]>
    </failure>
  </testcase> <!-- RediffLogin -->
</testsuite> <!-- Rediff -->
