<?xml version="1.0" encoding="UTF-8"?>
<testng-results skipped="0" failed="1" ignored="0" total="6" passed="5">
  <reporter-output>
  </reporter-output>
  <suite name="Suite" duration-ms="136867" started-at="2020-09-07T15:35:31 IST" finished-at="2020-09-07T15:37:48 IST">
    <groups>
    </groups>
    <test name="Outlook" duration-ms="93900" started-at="2020-09-07T15:35:31 IST" finished-at="2020-09-07T15:37:05 IST">
      <class name="automation.hybridFrameWork.Outlook">
        <test-method status="PASS" signature="initialise()[pri:0, instance:automation.hybridFrameWork.Outlook@729d991e]" name="initialise" is-config="true" duration-ms="64954" started-at="2020-09-07T15:35:31 IST" finished-at="2020-09-07T15:36:36 IST">
          <reporter-output>
          </reporter-output>
        </test-method> <!-- initialise -->
        <test-method status="PASS" signature="OutlookHome()[pri:0, instance:automation.hybridFrameWork.Outlook@729d991e]" name="OutlookHome" duration-ms="16499" started-at="2020-09-07T15:36:36 IST" finished-at="2020-09-07T15:36:52 IST">
          <reporter-output>
          </reporter-output>
        </test-method> <!-- OutlookHome -->
        <test-method status="FAIL" signature="OutlookLogin(java.lang.String, java.lang.String)[pri:0, instance:automation.hybridFrameWork.Outlook@729d991e]" name="OutlookLogin" duration-ms="2452" started-at="2020-09-07T15:36:53 IST" data-provider="OutlookLogin" finished-at="2020-09-07T15:36:56 IST">
          <params>
            <param index="0">
              <value>
                <![CDATA[Harinath.veluru@outlook.com]]>
              </value>
            </param>
            <param index="1">
              <value>
                <![CDATA[Outlook1979#]]>
              </value>
            </param>
          </params>
          <exception class="org.openqa.selenium.StaleElementReferenceException">
            <message>
              <![CDATA[stale element reference: element is not attached to the page document
  (Session info: chrome=85.0.4183.83)
For documentation on this error, please visit: https://www.seleniumhq.org/exceptions/stale_element_reference.html
Build info: version: '3.141.59', revision: 'e82be7d358', time: '2018-11-14T08:17:03'
System info: host: 'CHITRALEKHA', ip: '192.168.1.9', os.name: 'Windows 10', os.arch: 'amd64', os.version: '10.0', java.version: '1.8.0_261'
Driver info: org.openqa.selenium.chrome.ChromeDriver
Capabilities {acceptInsecureCerts: false, browserName: chrome, browserVersion: 85.0.4183.83, chrome: {chromedriverVersion: 85.0.4183.87 (cd6713ebf92fa..., userDataDir: C:\Users\chitra\AppData\Loc...}, goog:chromeOptions: {debuggerAddress: localhost:50037}, javascriptEnabled: true, networkConnectionEnabled: false, pageLoadStrategy: normal, platform: WINDOWS, platformName: WINDOWS, proxy: Proxy(), setWindowRect: true, strictFileInteractability: false, timeouts: {implicit: 0, pageLoad: 300000, script: 30000}, unhandledPromptBehavior: dismiss and notify, webauthn:virtualAuthenticators: true}
Session ID: 84d13eff7ff9022c797881d28711d3a1]]>
            </message>
            <full-stacktrace>
              <![CDATA[org.openqa.selenium.StaleElementReferenceException: stale element reference: element is not attached to the page document
  (Session info: chrome=85.0.4183.83)
For documentation on this error, please visit: https://www.seleniumhq.org/exceptions/stale_element_reference.html
Build info: version: '3.141.59', revision: 'e82be7d358', time: '2018-11-14T08:17:03'
System info: host: 'CHITRALEKHA', ip: '192.168.1.9', os.name: 'Windows 10', os.arch: 'amd64', os.version: '10.0', java.version: '1.8.0_261'
Driver info: org.openqa.selenium.chrome.ChromeDriver
Capabilities {acceptInsecureCerts: false, browserName: chrome, browserVersion: 85.0.4183.83, chrome: {chromedriverVersion: 85.0.4183.87 (cd6713ebf92fa..., userDataDir: C:\Users\chitra\AppData\Loc...}, goog:chromeOptions: {debuggerAddress: localhost:50037}, javascriptEnabled: true, networkConnectionEnabled: false, pageLoadStrategy: normal, platform: WINDOWS, platformName: WINDOWS, proxy: Proxy(), setWindowRect: true, strictFileInteractability: false, timeouts: {implicit: 0, pageLoad: 300000, script: 30000}, unhandledPromptBehavior: dismiss and notify, webauthn:virtualAuthenticators: true}
Session ID: 84d13eff7ff9022c797881d28711d3a1
at sun.reflect.NativeConstructorAccessorImpl.newInstance0(Native Method)
at sun.reflect.NativeConstructorAccessorImpl.newInstance(NativeConstructorAccessorImpl.java:62)
at sun.reflect.DelegatingConstructorAccessorImpl.newInstance(DelegatingConstructorAccessorImpl.java:45)
at java.lang.reflect.Constructor.newInstance(Constructor.java:423)
at org.openqa.selenium.remote.http.W3CHttpResponseCodec.createException(W3CHttpResponseCodec.java:187)
at org.openqa.selenium.remote.http.W3CHttpResponseCodec.decode(W3CHttpResponseCodec.java:122)
at org.openqa.selenium.remote.http.W3CHttpResponseCodec.decode(W3CHttpResponseCodec.java:49)
at org.openqa.selenium.remote.HttpCommandExecutor.execute(HttpCommandExecutor.java:158)
at org.openqa.selenium.remote.service.DriverCommandExecutor.execute(DriverCommandExecutor.java:83)
at org.openqa.selenium.remote.RemoteWebDriver.execute(RemoteWebDriver.java:552)
at org.openqa.selenium.remote.RemoteWebElement.execute(RemoteWebElement.java:285)
at org.openqa.selenium.remote.RemoteWebElement.click(RemoteWebElement.java:84)
at sun.reflect.NativeMethodAccessorImpl.invoke0(Native Method)
at sun.reflect.NativeMethodAccessorImpl.invoke(NativeMethodAccessorImpl.java:62)
at sun.reflect.DelegatingMethodAccessorImpl.invoke(DelegatingMethodAccessorImpl.java:43)
at java.lang.reflect.Method.invoke(Method.java:498)
at org.openqa.selenium.support.pagefactory.internal.LocatingElementHandler.invoke(LocatingElementHandler.java:51)
at com.sun.proxy.$Proxy15.click(Unknown Source)
at automation.hybridFrameWork.Outlook.OutlookLogin(Outlook.java:46)
at sun.reflect.NativeMethodAccessorImpl.invoke0(Native Method)
at sun.reflect.NativeMethodAccessorImpl.invoke(NativeMethodAccessorImpl.java:62)
at sun.reflect.DelegatingMethodAccessorImpl.invoke(DelegatingMethodAccessorImpl.java:43)
at java.lang.reflect.Method.invoke(Method.java:498)
at org.testng.internal.MethodInvocationHelper.invokeMethod(MethodInvocationHelper.java:132)
at org.testng.internal.TestInvoker.invokeMethod(TestInvoker.java:599)
at org.testng.internal.TestInvoker.invokeTestMethod(TestInvoker.java:174)
at org.testng.internal.MethodRunner.runInSequence(MethodRunner.java:46)
at org.testng.internal.TestInvoker$MethodInvocationAgent.invoke(TestInvoker.java:822)
at org.testng.internal.TestInvoker.invokeTestMethods(TestInvoker.java:147)
at org.testng.internal.TestMethodWorker.invokeTestMethods(TestMethodWorker.java:146)
at org.testng.internal.TestMethodWorker.run(TestMethodWorker.java:128)
at java.util.ArrayList.forEach(ArrayList.java:1259)
at org.testng.TestRunner.privateRun(TestRunner.java:764)
at org.testng.TestRunner.run(TestRunner.java:585)
at org.testng.SuiteRunner.runTest(SuiteRunner.java:384)
at org.testng.SuiteRunner.access$000(SuiteRunner.java:28)
at org.testng.SuiteRunner$SuiteWorker.run(SuiteRunner.java:425)
at org.testng.internal.thread.ThreadUtil.lambda$execute$0(ThreadUtil.java:66)
at java.util.concurrent.FutureTask.run(FutureTask.java:266)
at java.util.concurrent.ThreadPoolExecutor.runWorker(ThreadPoolExecutor.java:1149)
at java.util.concurrent.ThreadPoolExecutor$Worker.run(ThreadPoolExecutor.java:624)
at java.lang.Thread.run(Thread.java:748)
]]>
            </full-stacktrace>
          </exception> <!-- org.openqa.selenium.StaleElementReferenceException -->
          <reporter-output>
          </reporter-output>
        </test-method> <!-- OutlookLogin -->
        <test-method status="PASS" signature="driverclose()[pri:0, instance:automation.hybridFrameWork.Outlook@729d991e]" name="driverclose" is-config="true" duration-ms="8084" started-at="2020-09-07T15:36:57 IST" finished-at="2020-09-07T15:37:05 IST">
          <reporter-output>
          </reporter-output>
        </test-method> <!-- driverclose -->
      </class> <!-- automation.hybridFrameWork.Outlook -->
    </test> <!-- Outlook -->
    <test name="Rediff" duration-ms="23890" started-at="2020-09-07T15:37:08 IST" finished-at="2020-09-07T15:37:32 IST">
      <class name="automation.hybridFrameWork.Rediff">
        <test-method status="PASS" signature="initialise()[pri:0, instance:automation.hybridFrameWork.Rediff@53aac487]" name="initialise" is-config="true" duration-ms="11417" started-at="2020-09-07T15:37:08 IST" finished-at="2020-09-07T15:37:19 IST">
          <reporter-output>
          </reporter-output>
        </test-method> <!-- initialise -->
        <test-method status="PASS" signature="RediffHome()[pri:0, instance:automation.hybridFrameWork.Rediff@53aac487]" name="RediffHome" duration-ms="2283" started-at="2020-09-07T15:37:19 IST" finished-at="2020-09-07T15:37:22 IST">
          <reporter-output>
          </reporter-output>
        </test-method> <!-- RediffHome -->
        <test-method status="PASS" signature="RediffLogin(java.lang.String, java.lang.String)[pri:0, instance:automation.hybridFrameWork.Rediff@53aac487]" name="RediffLogin" duration-ms="5921" started-at="2020-09-07T15:37:23 IST" data-provider="RediffLogin" finished-at="2020-09-07T15:37:29 IST">
          <params>
            <param index="0">
              <value>
                <![CDATA[Harinath.veluru@rediffmail.com]]>
              </value>
            </param>
            <param index="1">
              <value>
                <![CDATA[Outlook1979#]]>
              </value>
            </param>
          </params>
          <reporter-output>
          </reporter-output>
        </test-method> <!-- RediffLogin -->
        <test-method status="PASS" signature="driverclose()[pri:0, instance:automation.hybridFrameWork.Rediff@53aac487]" name="driverclose" is-config="true" duration-ms="2731" started-at="2020-09-07T15:37:29 IST" finished-at="2020-09-07T15:37:32 IST">
          <reporter-output>
          </reporter-output>
        </test-method> <!-- driverclose -->
      </class> <!-- automation.hybridFrameWork.Rediff -->
    </test> <!-- Rediff -->
    <test name="Jiomart" duration-ms="136867" started-at="2020-09-07T15:35:31 IST" finished-at="2020-09-07T15:37:48 IST">
      <class name="automation.hybridFrameWork.Jiomart">
        <test-method status="PASS" signature="initialise()[pri:0, instance:automation.hybridFrameWork.Jiomart@48aca48b]" name="initialise" is-config="true" duration-ms="63830" started-at="2020-09-07T15:35:31 IST" finished-at="2020-09-07T15:36:35 IST">
          <reporter-output>
          </reporter-output>
        </test-method> <!-- initialise -->
        <test-method status="PASS" signature="JioHome()[pri:0, instance:automation.hybridFrameWork.Jiomart@48aca48b]" name="JioHome" duration-ms="17308" started-at="2020-09-07T15:36:35 IST" finished-at="2020-09-07T15:36:52 IST">
          <reporter-output>
          </reporter-output>
        </test-method> <!-- JioHome -->
        <test-method status="PASS" signature="JioHomeSignin(java.lang.String)[pri:0, instance:automation.hybridFrameWork.Jiomart@48aca48b]" name="JioHomeSignin" duration-ms="43161" started-at="2020-09-07T15:36:53 IST" data-provider="JioHomeSignin" finished-at="2020-09-07T15:37:37 IST">
          <params>
            <param index="0">
              <value>
                <![CDATA[9841688676]]>
              </value>
            </param>
          </params>
          <reporter-output>
          </reporter-output>
        </test-method> <!-- JioHomeSignin -->
        <test-method status="PASS" signature="driverclose()[pri:0, instance:automation.hybridFrameWork.Jiomart@48aca48b]" name="driverclose" is-config="true" duration-ms="9919" started-at="2020-09-07T15:37:38 IST" finished-at="2020-09-07T15:37:48 IST">
          <reporter-output>
          </reporter-output>
        </test-method> <!-- driverclose -->
      </class> <!-- automation.hybridFrameWork.Jiomart -->
    </test> <!-- Jiomart -->
  </suite> <!-- Suite -->
</testng-results>
