<?xml version="1.0" encoding="UTF-8"?>
<testng-results ignored="0" total="6" passed="5" failed="1" skipped="0">
  <reporter-output>
  </reporter-output>
  <suite started-at="2020-09-06T20:04:15 IST" name="Suite" finished-at="2020-09-06T20:05:21 IST" duration-ms="65923">
    <groups>
    </groups>
    <test started-at="2020-09-06T20:04:15 IST" name="Jiomart" finished-at="2020-09-06T20:04:58 IST" duration-ms="42812">
      <class name="automation.hybridFrameWork.Jiomart">
        <test-method is-config="true" signature="initialise()[pri:0, instance:automation.hybridFrameWork.Jiomart@565b064f]" started-at="2020-09-06T20:04:15 IST" name="initialise" finished-at="2020-09-06T20:04:27 IST" duration-ms="11298" status="PASS">
          <reporter-output>
          </reporter-output>
        </test-method> <!-- initialise -->
        <test-method signature="JioHome()[pri:0, instance:automation.hybridFrameWork.Jiomart@565b064f]" started-at="2020-09-06T20:04:27 IST" name="JioHome" finished-at="2020-09-06T20:04:36 IST" duration-ms="9015" status="PASS">
          <reporter-output>
          </reporter-output>
        </test-method> <!-- JioHome -->
        <test-method signature="JioHomeSignin(java.lang.String)[pri:0, instance:automation.hybridFrameWork.Jiomart@565b064f]" started-at="2020-09-06T20:04:38 IST" name="JioHomeSignin" data-provider="JioHomeSignin" finished-at="2020-09-06T20:04:56 IST" duration-ms="18042" status="PASS">
          <params>
            <param index="0">
              <value>
                <![CDATA[9841688676]]>
              </value>
            </param>
          </params>
          <reporter-output>
          </reporter-output>
        </test-method> <!-- JioHomeSignin -->
        <test-method is-config="true" signature="driverclose()[pri:0, instance:automation.hybridFrameWork.Jiomart@565b064f]" started-at="2020-09-06T20:04:56 IST" name="driverclose" finished-at="2020-09-06T20:04:58 IST" duration-ms="1682" status="PASS">
          <reporter-output>
          </reporter-output>
        </test-method> <!-- driverclose -->
      </class> <!-- automation.hybridFrameWork.Jiomart -->
    </test> <!-- Jiomart -->
    <test started-at="2020-09-06T20:04:15 IST" name="Outlook" finished-at="2020-09-06T20:04:51 IST" duration-ms="36134">
      <class name="automation.hybridFrameWork.Outlook">
        <test-method is-config="true" signature="initialise()[pri:0, instance:automation.hybridFrameWork.Outlook@75b25825]" started-at="2020-09-06T20:04:15 IST" name="initialise" finished-at="2020-09-06T20:04:36 IST" duration-ms="20971" status="PASS">
          <reporter-output>
          </reporter-output>
        </test-method> <!-- initialise -->
        <test-method signature="OutlookHome()[pri:0, instance:automation.hybridFrameWork.Outlook@75b25825]" started-at="2020-09-06T20:04:36 IST" name="OutlookHome" finished-at="2020-09-06T20:04:42 IST" duration-ms="5716" status="PASS">
          <reporter-output>
          </reporter-output>
        </test-method> <!-- OutlookHome -->
        <test-method signature="OutlookLogin(java.lang.String, java.lang.String)[pri:0, instance:automation.hybridFrameWork.Outlook@75b25825]" started-at="2020-09-06T20:04:43 IST" name="OutlookLogin" data-provider="OutlookLogin" finished-at="2020-09-06T20:04:44 IST" duration-ms="1411" status="FAIL">
          <params>
            <param index="0">
              <value>
                <![CDATA[Harinath.veluru@outlook.com]]>
              </value>
            </param>
            <param index="1">
              <value>
                <![CDATA[Outlook1979#]]>
              </value>
            </param>
          </params>
          <exception class="org.openqa.selenium.StaleElementReferenceException">
            <message>
              <![CDATA[stale element reference: element is not attached to the page document
  (Session info: chrome=85.0.4183.83)
For documentation on this error, please visit: https://www.seleniumhq.org/exceptions/stale_element_reference.html
Build info: version: '3.141.59', revision: 'e82be7d358', time: '2018-11-14T08:17:03'
System info: host: 'CHITRALEKHA', ip: '192.168.1.9', os.name: 'Windows 10', os.arch: 'amd64', os.version: '10.0', java.version: '14.0.2'
Driver info: org.openqa.selenium.chrome.ChromeDriver
Capabilities {acceptInsecureCerts: false, browserName: chrome, browserVersion: 85.0.4183.83, chrome: {chromedriverVersion: 85.0.4183.87 (cd6713ebf92fa..., userDataDir: C:\Users\chitra\AppData\Loc...}, goog:chromeOptions: {debuggerAddress: localhost:58272}, javascriptEnabled: true, networkConnectionEnabled: false, pageLoadStrategy: normal, platform: WINDOWS, platformName: WINDOWS, proxy: Proxy(), setWindowRect: true, strictFileInteractability: false, timeouts: {implicit: 0, pageLoad: 300000, script: 30000}, unhandledPromptBehavior: dismiss and notify, webauthn:virtualAuthenticators: true}
Session ID: 6aa6a0112e785fc7e74852f882a26bc2]]>
            </message>
            <full-stacktrace>
              <![CDATA[org.openqa.selenium.StaleElementReferenceException: stale element reference: element is not attached to the page document
  (Session info: chrome=85.0.4183.83)
For documentation on this error, please visit: https://www.seleniumhq.org/exceptions/stale_element_reference.html
Build info: version: '3.141.59', revision: 'e82be7d358', time: '2018-11-14T08:17:03'
System info: host: 'CHITRALEKHA', ip: '192.168.1.9', os.name: 'Windows 10', os.arch: 'amd64', os.version: '10.0', java.version: '14.0.2'
Driver info: org.openqa.selenium.chrome.ChromeDriver
Capabilities {acceptInsecureCerts: false, browserName: chrome, browserVersion: 85.0.4183.83, chrome: {chromedriverVersion: 85.0.4183.87 (cd6713ebf92fa..., userDataDir: C:\Users\chitra\AppData\Loc...}, goog:chromeOptions: {debuggerAddress: localhost:58272}, javascriptEnabled: true, networkConnectionEnabled: false, pageLoadStrategy: normal, platform: WINDOWS, platformName: WINDOWS, proxy: Proxy(), setWindowRect: true, strictFileInteractability: false, timeouts: {implicit: 0, pageLoad: 300000, script: 30000}, unhandledPromptBehavior: dismiss and notify, webauthn:virtualAuthenticators: true}
Session ID: 6aa6a0112e785fc7e74852f882a26bc2
at java.base/jdk.internal.reflect.NativeConstructorAccessorImpl.newInstance0(Native Method)
at java.base/jdk.internal.reflect.NativeConstructorAccessorImpl.newInstance(NativeConstructorAccessorImpl.java:62)
at java.base/jdk.internal.reflect.DelegatingConstructorAccessorImpl.newInstance(DelegatingConstructorAccessorImpl.java:45)
at java.base/java.lang.reflect.Constructor.newInstanceWithCaller(Constructor.java:500)
at java.base/java.lang.reflect.Constructor.newInstance(Constructor.java:481)
at org.openqa.selenium.remote.http.W3CHttpResponseCodec.createException(W3CHttpResponseCodec.java:187)
at org.openqa.selenium.remote.http.W3CHttpResponseCodec.decode(W3CHttpResponseCodec.java:122)
at org.openqa.selenium.remote.http.W3CHttpResponseCodec.decode(W3CHttpResponseCodec.java:49)
at org.openqa.selenium.remote.HttpCommandExecutor.execute(HttpCommandExecutor.java:158)
at org.openqa.selenium.remote.service.DriverCommandExecutor.execute(DriverCommandExecutor.java:83)
at org.openqa.selenium.remote.RemoteWebDriver.execute(RemoteWebDriver.java:552)
at org.openqa.selenium.remote.RemoteWebElement.execute(RemoteWebElement.java:285)
at org.openqa.selenium.remote.RemoteWebElement.click(RemoteWebElement.java:84)
at java.base/jdk.internal.reflect.NativeMethodAccessorImpl.invoke0(Native Method)
at java.base/jdk.internal.reflect.NativeMethodAccessorImpl.invoke(NativeMethodAccessorImpl.java:62)
at java.base/jdk.internal.reflect.DelegatingMethodAccessorImpl.invoke(DelegatingMethodAccessorImpl.java:43)
at java.base/java.lang.reflect.Method.invoke(Method.java:564)
at org.openqa.selenium.support.pagefactory.internal.LocatingElementHandler.invoke(LocatingElementHandler.java:51)
at com.sun.proxy.$Proxy27.click(Unknown Source)
at automation.hybridFrameWork.Outlook.OutlookLogin(Outlook.java:46)
at java.base/jdk.internal.reflect.NativeMethodAccessorImpl.invoke0(Native Method)
at java.base/jdk.internal.reflect.NativeMethodAccessorImpl.invoke(NativeMethodAccessorImpl.java:62)
at java.base/jdk.internal.reflect.DelegatingMethodAccessorImpl.invoke(DelegatingMethodAccessorImpl.java:43)
at java.base/java.lang.reflect.Method.invoke(Method.java:564)
at org.testng.internal.MethodInvocationHelper.invokeMethod(MethodInvocationHelper.java:132)
at org.testng.internal.TestInvoker.invokeMethod(TestInvoker.java:599)
at org.testng.internal.TestInvoker.invokeTestMethod(TestInvoker.java:174)
at org.testng.internal.MethodRunner.runInSequence(MethodRunner.java:46)
at org.testng.internal.TestInvoker$MethodInvocationAgent.invoke(TestInvoker.java:822)
at org.testng.internal.TestInvoker.invokeTestMethods(TestInvoker.java:147)
at org.testng.internal.TestMethodWorker.invokeTestMethods(TestMethodWorker.java:146)
at org.testng.internal.TestMethodWorker.run(TestMethodWorker.java:128)
at java.base/java.util.ArrayList.forEach(ArrayList.java:1511)
at org.testng.TestRunner.privateRun(TestRunner.java:764)
at org.testng.TestRunner.run(TestRunner.java:585)
at org.testng.SuiteRunner.runTest(SuiteRunner.java:384)
at org.testng.SuiteRunner.access$000(SuiteRunner.java:28)
at org.testng.SuiteRunner$SuiteWorker.run(SuiteRunner.java:425)
at org.testng.internal.thread.ThreadUtil.lambda$execute$0(ThreadUtil.java:66)
at java.base/java.util.concurrent.FutureTask.run(FutureTask.java:264)
at java.base/java.util.concurrent.ThreadPoolExecutor.runWorker(ThreadPoolExecutor.java:1130)
at java.base/java.util.concurrent.ThreadPoolExecutor$Worker.run(ThreadPoolExecutor.java:630)
at java.base/java.lang.Thread.run(Thread.java:832)
]]>
            </full-stacktrace>
          </exception> <!-- org.openqa.selenium.StaleElementReferenceException -->
          <reporter-output>
          </reporter-output>
        </test-method> <!-- OutlookLogin -->
        <test-method is-config="true" signature="driverclose()[pri:0, instance:automation.hybridFrameWork.Outlook@75b25825]" started-at="2020-09-06T20:04:45 IST" name="driverclose" finished-at="2020-09-06T20:04:51 IST" duration-ms="6567" status="PASS">
          <reporter-output>
          </reporter-output>
        </test-method> <!-- driverclose -->
      </class> <!-- automation.hybridFrameWork.Outlook -->
    </test> <!-- Outlook -->
    <test started-at="2020-09-06T20:05:01 IST" name="Rediff" finished-at="2020-09-06T20:05:21 IST" duration-ms="19812">
      <class name="automation.hybridFrameWork.Rediff">
        <test-method is-config="true" signature="initialise()[pri:0, instance:automation.hybridFrameWork.Rediff@207b8649]" started-at="2020-09-06T20:05:01 IST" name="initialise" finished-at="2020-09-06T20:05:15 IST" duration-ms="13766" status="PASS">
          <reporter-output>
          </reporter-output>
        </test-method> <!-- initialise -->
        <test-method signature="RediffHome()[pri:0, instance:automation.hybridFrameWork.Rediff@207b8649]" started-at="2020-09-06T20:05:15 IST" name="RediffHome" finished-at="2020-09-06T20:05:16 IST" duration-ms="801" status="PASS">
          <reporter-output>
          </reporter-output>
        </test-method> <!-- RediffHome -->
        <test-method signature="RediffLogin(java.lang.String, java.lang.String)[pri:0, instance:automation.hybridFrameWork.Rediff@207b8649]" started-at="2020-09-06T20:05:17 IST" name="RediffLogin" data-provider="RediffLogin" finished-at="2020-09-06T20:05:19 IST" duration-ms="2493" status="PASS">
          <params>
            <param index="0">
              <value>
                <![CDATA[Harinath.veluru@rediffmail.com]]>
              </value>
            </param>
            <param index="1">
              <value>
                <![CDATA[Outlook1979#]]>
              </value>
            </param>
          </params>
          <reporter-output>
          </reporter-output>
        </test-method> <!-- RediffLogin -->
        <test-method is-config="true" signature="driverclose()[pri:0, instance:automation.hybridFrameWork.Rediff@207b8649]" started-at="2020-09-06T20:05:20 IST" name="driverclose" finished-at="2020-09-06T20:05:21 IST" duration-ms="1118" status="PASS">
          <reporter-output>
          </reporter-output>
        </test-method> <!-- driverclose -->
      </class> <!-- automation.hybridFrameWork.Rediff -->
    </test> <!-- Rediff -->
  </suite> <!-- Suite -->
</testng-results>
