<?xml version="1.0" encoding="UTF-8"?>
<testng-results skipped="0" failed="0" ignored="0" total="2" passed="2">
  <reporter-output>
  </reporter-output>
  <suite name="Default suite" duration-ms="78514" started-at="2020-09-07T18:05:19 IST" finished-at="2020-09-07T18:06:38 IST">
    <groups>
    </groups>
    <test name="Default test" duration-ms="78514" started-at="2020-09-07T18:05:19 IST" finished-at="2020-09-07T18:06:38 IST">
      <class name="automation.hybridFrameWork.Outlook">
        <test-method status="PASS" signature="initialise()[pri:0, instance:automation.hybridFrameWork.Outlook@117e949d]" name="initialise" is-config="true" duration-ms="21476" started-at="2020-09-07T18:05:19 IST" finished-at="2020-09-07T18:05:41 IST">
          <reporter-output>
          </reporter-output>
        </test-method> <!-- initialise -->
        <test-method status="PASS" signature="OutlookHome()[pri:0, instance:automation.hybridFrameWork.Outlook@117e949d]" name="OutlookHome" duration-ms="2943" started-at="2020-09-07T18:05:41 IST" finished-at="2020-09-07T18:05:44 IST">
          <reporter-output>
          </reporter-output>
        </test-method> <!-- OutlookHome -->
        <test-method status="PASS" signature="OutlookLogin(java.lang.String, java.lang.String)[pri:0, instance:automation.hybridFrameWork.Outlook@117e949d]" name="OutlookLogin" duration-ms="39996" started-at="2020-09-07T18:05:48 IST" data-provider="OutlookLogin" finished-at="2020-09-07T18:06:28 IST">
          <params>
            <param index="0">
              <value>
                <![CDATA[Harinath.veluru@outlook.com]]>
              </value>
            </param>
            <param index="1">
              <value>
                <![CDATA[Outlook1979#]]>
              </value>
            </param>
          </params>
          <reporter-output>
          </reporter-output>
        </test-method> <!-- OutlookLogin -->
        <test-method status="PASS" signature="driverclose()[pri:0, instance:automation.hybridFrameWork.Outlook@117e949d]" name="driverclose" is-config="true" duration-ms="7952" started-at="2020-09-07T18:06:30 IST" finished-at="2020-09-07T18:06:38 IST">
          <reporter-output>
          </reporter-output>
        </test-method> <!-- driverclose -->
      </class> <!-- automation.hybridFrameWork.Outlook -->
    </test> <!-- Default test -->
  </suite> <!-- Default suite -->
</testng-results>
